This is pdfTeX, Version 3.141592653-2.6-1.40.22 (TeX Live 2021) (preloaded format=pdflatex 2021.8.16)  17 APR 2023 23:41
entering extended mode
 restricted \write18 enabled.
 %&-line parsing enabled.
**CSE847-Homework5.tex
(./CSE847-Homework5.tex
LaTeX2e <2020-10-01> patch level 4
L3 programming layer <2021-02-18>
(/usr/local/texlive/2021/texmf-dist/tex/latex/base/article.cls
Document Class: article 2020/04/10 v1.4m Standard LaTeX document class
(/usr/local/texlive/2021/texmf-dist/tex/latex/base/size11.clo
File: size11.clo 2020/04/10 v1.4m Standard LaTeX file (size option)
)
\c@part=\count179
\c@section=\count180
\c@subsection=\count181
\c@subsubsection=\count182
\c@paragraph=\count183
\c@subparagraph=\count184
\c@figure=\count185
\c@table=\count186
\abovecaptionskip=\skip47
\belowcaptionskip=\skip48
\bibindent=\dimen138
)
(/usr/local/texlive/2021/texmf-dist/tex/latex/preprint/fullpage.sty
Package: fullpage 1999/02/23 1.1 (PWD)
\FP@margin=\skip49
)
(/usr/local/texlive/2021/texmf-dist/tex/latex/url/url.sty
\Urlmuskip=\muskip16
Package: url 2013/09/16  ver 3.4  Verb mode for urls, etc.
)
(/usr/local/texlive/2021/texmf-dist/tex/latex/graphics/color.sty
Package: color 2020/02/24 v1.2b Standard LaTeX Color (DPC)

(/usr/local/texlive/2021/texmf-dist/tex/latex/graphics-cfg/color.cfg
File: color.cfg 2016/01/02 v1.6 sample color configuration
)
Package color Info: Driver file: pdftex.def on input line 147.

(/usr/local/texlive/2021/texmf-dist/tex/latex/graphics-def/pdftex.def
File: pdftex.def 2020/10/05 v1.2a Graphics/color driver for pdftex
))
(/usr/local/texlive/2021/texmf-dist/tex/latex/amsmath/amsmath.sty
Package: amsmath 2020/09/23 v2.17i AMS math features
\@mathmargin=\skip50

For additional information on amsmath, use the `?' option.
(/usr/local/texlive/2021/texmf-dist/tex/latex/amsmath/amstext.sty
Package: amstext 2000/06/29 v2.01 AMS text

(/usr/local/texlive/2021/texmf-dist/tex/latex/amsmath/amsgen.sty
File: amsgen.sty 1999/11/30 v2.0 generic functions
\@emptytoks=\toks15
\ex@=\dimen139
))
(/usr/local/texlive/2021/texmf-dist/tex/latex/amsmath/amsbsy.sty
Package: amsbsy 1999/11/29 v1.2d Bold Symbols
\pmbraise@=\dimen140
)
(/usr/local/texlive/2021/texmf-dist/tex/latex/amsmath/amsopn.sty
Package: amsopn 2016/03/08 v2.02 operator names
)
\inf@bad=\count187
LaTeX Info: Redefining \frac on input line 234.
\uproot@=\count188
\leftroot@=\count189
LaTeX Info: Redefining \overline on input line 399.
\classnum@=\count190
\DOTSCASE@=\count191
LaTeX Info: Redefining \ldots on input line 496.
LaTeX Info: Redefining \dots on input line 499.
LaTeX Info: Redefining \cdots on input line 620.
\Mathstrutbox@=\box47
\strutbox@=\box48
\big@size=\dimen141
LaTeX Font Info:    Redeclaring font encoding OML on input line 743.
LaTeX Font Info:    Redeclaring font encoding OMS on input line 744.
\macc@depth=\count192
\c@MaxMatrixCols=\count193
\dotsspace@=\muskip17
\c@parentequation=\count194
\dspbrk@lvl=\count195
\tag@help=\toks16
\row@=\count196
\column@=\count197
\maxfields@=\count198
\andhelp@=\toks17
\eqnshift@=\dimen142
\alignsep@=\dimen143
\tagshift@=\dimen144
\tagwidth@=\dimen145
\totwidth@=\dimen146
\lineht@=\dimen147
\@envbody=\toks18
\multlinegap=\skip51
\multlinetaggap=\skip52
\mathdisplay@stack=\toks19
LaTeX Info: Redefining \[ on input line 2923.
LaTeX Info: Redefining \] on input line 2924.
)
(/usr/local/texlive/2021/texmf-dist/tex/latex/amsfonts/amssymb.sty
Package: amssymb 2013/01/14 v3.01 AMS font symbols

(/usr/local/texlive/2021/texmf-dist/tex/latex/amsfonts/amsfonts.sty
Package: amsfonts 2013/01/14 v3.01 Basic AMSFonts support
\symAMSa=\mathgroup4
\symAMSb=\mathgroup5
LaTeX Font Info:    Redeclaring math symbol \hbar on input line 98.
LaTeX Font Info:    Overwriting math alphabet `\mathfrak' in version `bold'
(Font)                  U/euf/m/n --> U/euf/b/n on input line 106.
))
(/usr/local/texlive/2021/texmf-dist/tex/latex/hyperref/hyperref.sty
Package: hyperref 2021-02-27 v7.00k Hypertext links for LaTeX

(/usr/local/texlive/2021/texmf-dist/tex/generic/ltxcmds/ltxcmds.sty
Package: ltxcmds 2020-05-10 v1.25 LaTeX kernel commands for general use (HO)
)
(/usr/local/texlive/2021/texmf-dist/tex/generic/iftex/iftex.sty
Package: iftex 2020/03/06 v1.0d TeX engine tests
)
(/usr/local/texlive/2021/texmf-dist/tex/generic/pdftexcmds/pdftexcmds.sty
Package: pdftexcmds 2020-06-27 v0.33 Utility functions of pdfTeX for LuaTeX (HO
)

(/usr/local/texlive/2021/texmf-dist/tex/generic/infwarerr/infwarerr.sty
Package: infwarerr 2019/12/03 v1.5 Providing info/warning/error messages (HO)
)
Package pdftexcmds Info: \pdf@primitive is available.
Package pdftexcmds Info: \pdf@ifprimitive is available.
Package pdftexcmds Info: \pdfdraftmode found.
)
(/usr/local/texlive/2021/texmf-dist/tex/latex/graphics/keyval.sty
Package: keyval 2014/10/28 v1.15 key=value parser (DPC)
\KV@toks@=\toks20
)
(/usr/local/texlive/2021/texmf-dist/tex/generic/kvsetkeys/kvsetkeys.sty
Package: kvsetkeys 2019/12/15 v1.18 Key value parser (HO)
)
(/usr/local/texlive/2021/texmf-dist/tex/generic/kvdefinekeys/kvdefinekeys.sty
Package: kvdefinekeys 2019-12-19 v1.6 Define keys (HO)
)
(/usr/local/texlive/2021/texmf-dist/tex/generic/pdfescape/pdfescape.sty
Package: pdfescape 2019/12/09 v1.15 Implements pdfTeX's escape features (HO)
)
(/usr/local/texlive/2021/texmf-dist/tex/latex/hycolor/hycolor.sty
Package: hycolor 2020-01-27 v1.10 Color options for hyperref/bookmark (HO)
)
(/usr/local/texlive/2021/texmf-dist/tex/latex/letltxmacro/letltxmacro.sty
Package: letltxmacro 2019/12/03 v1.6 Let assignment for LaTeX macros (HO)
)
(/usr/local/texlive/2021/texmf-dist/tex/latex/auxhook/auxhook.sty
Package: auxhook 2019-12-17 v1.6 Hooks for auxiliary files (HO)
)
(/usr/local/texlive/2021/texmf-dist/tex/latex/kvoptions/kvoptions.sty
Package: kvoptions 2020-10-07 v3.14 Key value format for package options (HO)
)
\@linkdim=\dimen148
\Hy@linkcounter=\count199
\Hy@pagecounter=\count266

(/usr/local/texlive/2021/texmf-dist/tex/latex/hyperref/pd1enc.def
File: pd1enc.def 2021-02-27 v7.00k Hyperref: PDFDocEncoding definition (HO)
Now handling font encoding PD1 ...
... no UTF-8 mapping file for font encoding PD1
)
(/usr/local/texlive/2021/texmf-dist/tex/latex/hyperref/hyperref-langpatches.def
File: hyperref-langpatches.def 2021-02-27 v7.00k Hyperref: patches for babel la
nguages
) (/usr/local/texlive/2021/texmf-dist/tex/generic/intcalc/intcalc.sty
Package: intcalc 2019/12/15 v1.3 Expandable calculations with integers (HO)
)
(/usr/local/texlive/2021/texmf-dist/tex/generic/etexcmds/etexcmds.sty
Package: etexcmds 2019/12/15 v1.7 Avoid name clashes with e-TeX commands (HO)
)
\Hy@SavedSpaceFactor=\count267

(/usr/local/texlive/2021/texmf-dist/tex/latex/hyperref/puenc.def
File: puenc.def 2021-02-27 v7.00k Hyperref: PDF Unicode definition (HO)
Now handling font encoding PU ...
... no UTF-8 mapping file for font encoding PU
)
Package hyperref Info: Hyper figures OFF on input line 4192.
Package hyperref Info: Link nesting OFF on input line 4197.
Package hyperref Info: Hyper index ON on input line 4200.
Package hyperref Info: Plain pages OFF on input line 4207.
Package hyperref Info: Backreferencing OFF on input line 4212.
Package hyperref Info: Implicit mode ON; LaTeX internals redefined.
Package hyperref Info: Bookmarks ON on input line 4445.
\c@Hy@tempcnt=\count268
LaTeX Info: Redefining \url on input line 4804.
\XeTeXLinkMargin=\dimen149

(/usr/local/texlive/2021/texmf-dist/tex/generic/bitset/bitset.sty
Package: bitset 2019/12/09 v1.3 Handle bit-vector datatype (HO)

(/usr/local/texlive/2021/texmf-dist/tex/generic/bigintcalc/bigintcalc.sty
Package: bigintcalc 2019/12/15 v1.5 Expandable calculations on big integers (HO
)
))
\Fld@menulength=\count269
\Field@Width=\dimen150
\Fld@charsize=\dimen151
Package hyperref Info: Hyper figures OFF on input line 6075.
Package hyperref Info: Link nesting OFF on input line 6080.
Package hyperref Info: Hyper index ON on input line 6083.
Package hyperref Info: backreferencing OFF on input line 6090.
Package hyperref Info: Link coloring OFF on input line 6095.
Package hyperref Info: Link coloring with OCG OFF on input line 6100.
Package hyperref Info: PDF/A mode OFF on input line 6105.
LaTeX Info: Redefining \ref on input line 6145.
LaTeX Info: Redefining \pageref on input line 6149.

(/usr/local/texlive/2021/texmf-dist/tex/latex/base/atbegshi-ltx.sty
Package: atbegshi-ltx 2020/08/17 v1.0a Emulation of the original atbegshi packa
ge
with kernel methods
)
\Hy@abspage=\count270
\c@Item=\count271
\c@Hfootnote=\count272
)
Package hyperref Info: Driver (autodetected): hpdftex.

(/usr/local/texlive/2021/texmf-dist/tex/latex/hyperref/hpdftex.def
File: hpdftex.def 2021-02-27 v7.00k Hyperref driver for pdfTeX

(/usr/local/texlive/2021/texmf-dist/tex/latex/base/atveryend-ltx.sty
Package: atveryend-ltx 2020/08/19 v1.0a Emulation of the original atvery packag
e
with kernel methods
)
\Fld@listcount=\count273
\c@bookmark@seq@number=\count274

(/usr/local/texlive/2021/texmf-dist/tex/latex/rerunfilecheck/rerunfilecheck.sty
Package: rerunfilecheck 2019/12/05 v1.9 Rerun checks for auxiliary files (HO)

(/usr/local/texlive/2021/texmf-dist/tex/generic/uniquecounter/uniquecounter.sty
Package: uniquecounter 2019/12/15 v1.4 Provide unlimited unique counter (HO)
)
Package uniquecounter Info: New unique counter `rerunfilecheck' on input line 2
86.
)
\Hy@SectionHShift=\skip53
) (/usr/local/texlive/2021/texmf-dist/tex/latex/graphics/graphicx.sty
Package: graphicx 2020/09/09 v1.2b Enhanced LaTeX Graphics (DPC,SPQR)

(/usr/local/texlive/2021/texmf-dist/tex/latex/graphics/graphics.sty
Package: graphics 2020/08/30 v1.4c Standard LaTeX Graphics (DPC,SPQR)

(/usr/local/texlive/2021/texmf-dist/tex/latex/graphics/trig.sty
Package: trig 2016/01/03 v1.10 sin cos tan (DPC)
)
(/usr/local/texlive/2021/texmf-dist/tex/latex/graphics-cfg/graphics.cfg
File: graphics.cfg 2016/06/04 v1.11 sample graphics configuration
)
Package graphics Info: Driver file: pdftex.def on input line 105.
)
\Gin@req@height=\dimen152
\Gin@req@width=\dimen153
)
(/usr/local/texlive/2021/texmf-dist/tex/latex/matlab-prettifier/matlab-prettifi
er.sty
Package: matlab-prettifier 2014/06/19 v0.3 A package for prettyprinting Matlab 
source code
 (/usr/local/texlive/2021/texmf-dist/tex/latex/base/textcomp.sty
Package: textcomp 2020/02/02 v2.0n Standard LaTeX package
)
(/usr/local/texlive/2021/texmf-dist/tex/latex/xcolor/xcolor.sty
Package: xcolor 2016/05/11 v2.12 LaTeX color extensions (UK)

(/usr/local/texlive/2021/texmf-dist/tex/latex/graphics-cfg/color.cfg
File: color.cfg 2016/01/02 v1.6 sample color configuration
)
Package xcolor Info: Driver file: pdftex.def on input line 225.
LaTeX Info: Redefining \color on input line 709.
Package xcolor Info: Model `cmy' substituted by `cmy0' on input line 1348.
Package xcolor Info: Model `hsb' substituted by `rgb' on input line 1352.
Package xcolor Info: Model `RGB' extended on input line 1364.
Package xcolor Info: Model `HTML' substituted by `rgb' on input line 1366.
Package xcolor Info: Model `Hsb' substituted by `hsb' on input line 1367.
Package xcolor Info: Model `tHsb' substituted by `hsb' on input line 1368.
Package xcolor Info: Model `HSB' substituted by `hsb' on input line 1369.
Package xcolor Info: Model `Gray' substituted by `gray' on input line 1370.
Package xcolor Info: Model `wave' substituted by `hsb' on input line 1371.
)
(/usr/local/texlive/2021/texmf-dist/tex/latex/listings/listings.sty
\lst@mode=\count275
\lst@gtempboxa=\box49
\lst@token=\toks21
\lst@length=\count276
\lst@currlwidth=\dimen154
\lst@column=\count277
\lst@pos=\count278
\lst@lostspace=\dimen155
\lst@width=\dimen156
\lst@newlines=\count279
\lst@lineno=\count280
\lst@maxwidth=\dimen157

(/usr/local/texlive/2021/texmf-dist/tex/latex/listings/lstmisc.sty
File: lstmisc.sty 2020/03/24 1.8d (Carsten Heinz)
\c@lstnumber=\count281
\lst@skipnumbers=\count282
\lst@framebox=\box50
)
(/usr/local/texlive/2021/texmf-dist/tex/latex/listings/listings.cfg
File: listings.cfg 2020/03/24 1.8d listings configuration
))
Package: listings 2020/03/24 1.8d (Carsten Heinz)
\netBracketCount@mlpr=\count283
\blkLvl@mlpr=\count284
\blkLvlAtClassdef@mlpr=\count285
\emHeight@mlpr=\skip54
\jayDepth@mlpr=\skip55
\sectionRuleOffset@mlpr=\skip56
\toks@mlpr=\toks22
)
(/usr/local/texlive/2021/texmf-dist/tex/latex/caption/subcaption.sty
Package: subcaption 2020/10/07 v1.3j Sub-captions (AR)

(/usr/local/texlive/2021/texmf-dist/tex/latex/caption/caption.sty
Package: caption 2020/10/26 v3.5g Customizing captions (AR)

(/usr/local/texlive/2021/texmf-dist/tex/latex/caption/caption3.sty
Package: caption3 2020/10/21 v2.2e caption3 kernel (AR)
\captionmargin=\dimen158
\captionmargin@=\dimen159
\captionwidth=\dimen160
\caption@tempdima=\dimen161
\caption@indent=\dimen162
\caption@parindent=\dimen163
\caption@hangindent=\dimen164
Package caption Info: Standard document class detected.
)
\c@caption@flags=\count286
\c@continuedfloat=\count287
Package caption Info: hyperref package is loaded.
Package caption Info: listings package is loaded.
)
\c@subfigure=\count288
\c@subtable=\count289
)
(/usr/local/texlive/2021/texmf-dist/tex/latex/l3backend/l3backend-pdftex.def
File: l3backend-pdftex.def 2021-03-18 L3 backend support: PDF output (pdfTeX)
\l__color_backend_stack_int=\count290
\l__pdf_internal_box=\box51
)
(./CSE847-Homework5.aux

LaTeX Warning: Label `fig:cluster3' multiply defined.


LaTeX Warning: Label `sub@fig:cluster3' multiply defined.


LaTeX Warning: Label `fig:cluster4' multiply defined.


LaTeX Warning: Label `sub@fig:cluster4' multiply defined.


LaTeX Warning: Label `fig:cluster5' multiply defined.


LaTeX Warning: Label `sub@fig:cluster5' multiply defined.


LaTeX Warning: Label `fig:cluster6' multiply defined.


LaTeX Warning: Label `sub@fig:cluster6' multiply defined.


LaTeX Warning: Label `fig:cluster7' multiply defined.


LaTeX Warning: Label `sub@fig:cluster7' multiply defined.


LaTeX Warning: Label `fig:cluster8' multiply defined.


LaTeX Warning: Label `sub@fig:cluster8' multiply defined.


LaTeX Warning: Label `fig:cluster9' multiply defined.


LaTeX Warning: Label `sub@fig:cluster9' multiply defined.


LaTeX Warning: Label `fig:cluster10' multiply defined.


LaTeX Warning: Label `sub@fig:cluster10' multiply defined.


LaTeX Warning: Label `fig:clusterassignments' multiply defined.


LaTeX Warning: Label `fig:SSEconvergence' multiply defined.


LaTeX Warning: Label `fig:plot_initial' multiply defined.

)
\openout1 = `CSE847-Homework5.aux'.

LaTeX Font Info:    Checking defaults for OML/cmm/m/it on input line 14.
LaTeX Font Info:    ... okay on input line 14.
LaTeX Font Info:    Checking defaults for OMS/cmsy/m/n on input line 14.
LaTeX Font Info:    ... okay on input line 14.
LaTeX Font Info:    Checking defaults for OT1/cmr/m/n on input line 14.
LaTeX Font Info:    ... okay on input line 14.
LaTeX Font Info:    Checking defaults for T1/cmr/m/n on input line 14.
LaTeX Font Info:    ... okay on input line 14.
LaTeX Font Info:    Checking defaults for TS1/cmr/m/n on input line 14.
LaTeX Font Info:    ... okay on input line 14.
LaTeX Font Info:    Checking defaults for OMX/cmex/m/n on input line 14.
LaTeX Font Info:    ... okay on input line 14.
LaTeX Font Info:    Checking defaults for U/cmr/m/n on input line 14.
LaTeX Font Info:    ... okay on input line 14.
LaTeX Font Info:    Checking defaults for PD1/pdf/m/n on input line 14.
LaTeX Font Info:    ... okay on input line 14.
LaTeX Font Info:    Checking defaults for PU/pdf/m/n on input line 14.
LaTeX Font Info:    ... okay on input line 14.
 (/usr/local/texlive/2021/texmf-dist/tex/context/base/mkii/supp-pdf.mkii
[Loading MPS to PDF converter (version 2006.09.02).]
\scratchcounter=\count291
\scratchdimen=\dimen165
\scratchbox=\box52
\nofMPsegments=\count292
\nofMParguments=\count293
\everyMPshowfont=\toks23
\MPscratchCnt=\count294
\MPscratchDim=\dimen166
\MPnumerator=\count295
\makeMPintoPDFobject=\count296
\everyMPtoPDFconversion=\toks24
) (/usr/local/texlive/2021/texmf-dist/tex/latex/epstopdf-pkg/epstopdf-base.sty
Package: epstopdf-base 2020-01-24 v2.11 Base part for package epstopdf
Package epstopdf-base Info: Redefining graphics rule for `.eps' on input line 4
85.

(/usr/local/texlive/2021/texmf-dist/tex/latex/latexconfig/epstopdf-sys.cfg
File: epstopdf-sys.cfg 2010/07/13 v1.3 Configuration of (r)epstopdf for TeX Liv
e
))
Package hyperref Info: Link coloring OFF on input line 14.

(/usr/local/texlive/2021/texmf-dist/tex/latex/hyperref/nameref.sty
Package: nameref 2021-04-02 v2.47 Cross-referencing by name of section

(/usr/local/texlive/2021/texmf-dist/tex/latex/refcount/refcount.sty
Package: refcount 2019/12/15 v3.6 Data extraction from label references (HO)
)
(/usr/local/texlive/2021/texmf-dist/tex/generic/gettitlestring/gettitlestring.s
ty
Package: gettitlestring 2019/12/15 v1.6 Cleanup title references (HO)
)
\c@section@level=\count297
)
LaTeX Info: Redefining \ref on input line 14.
LaTeX Info: Redefining \pageref on input line 14.
LaTeX Info: Redefining \nameref on input line 14.
 (./CSE847-Homework5.out) (./CSE847-Homework5.out)
\@outlinefile=\write3
\openout3 = `CSE847-Homework5.out'.

\c@lstlisting=\count298
Package caption Info: Begin \AtBeginDocument code.
Package caption Info: End \AtBeginDocument code.
\c@thm=\count299
\c@lem=\count300
\c@cor=\count301
\c@prop=\count302
\c@problem=\count303
LaTeX Font Info:    Trying to load font information for U+msa on input line 57.


(/usr/local/texlive/2021/texmf-dist/tex/latex/amsfonts/umsa.fd
File: umsa.fd 2013/01/14 v3.01 AMS symbols A
)
LaTeX Font Info:    Trying to load font information for U+msb on input line 57.


(/usr/local/texlive/2021/texmf-dist/tex/latex/amsfonts/umsb.fd
File: umsb.fd 2013/01/14 v3.01 AMS symbols B
)
Overfull \hbox (5.39175pt too wide) in paragraph at lines 98--100
\OT1/cmr/m/n/10.95 The $\OML/cmm/m/it/10.95 k$\OT1/cmr/m/n/10.95 -means ob-jec-
tive, min-i-miza-tion of $\OML/cmm/m/it/10.95 Q\OT1/cmr/m/n/10.95 (^^E)$, is eq
uiv-a-lent to the max-i-miza-tion of trace $[]$
 []


! Package inputenc Error: Unicode character   (U+2000)
(inputenc)                not set up for use with LaTeX.

See the inputenc package documentation for explanation.
Type  H <return>  for immediate help.
 ...                                              
                                                  
l.107 ...ingular matrix of X can produce the Y  
                                                   that maximizes this expre...

You may provide a definition with
\DeclareUnicodeCharacter 


! Package inputenc Error: Unicode character   (U+2000)
(inputenc)                not set up for use with LaTeX.

See the inputenc package documentation for explanation.
Type  H <return>  for immediate help.
 ...                                              
                                                  
l.108 ...ror function, but spectral k-means is  
                                                  first trying to project th...

You may provide a definition with
\DeclareUnicodeCharacter 

[1

{/usr/local/texlive/2021/texmf-var/fonts/map/pdftex/updmap/pdftex.map}]

! LaTeX Error: There's no line here to end.

See the LaTeX manual or LaTeX Companion for explanation.
Type  H <return>  for immediate help.
 ...                                              
                                                  
l.114 
      
Your command was ignored.
Type  I <command> <return>  to replace it with another command,
or  <return>  to continue without it.


! LaTeX Error: There's no line here to end.

See the LaTeX manual or LaTeX Companion for explanation.
Type  H <return>  for immediate help.
 ...                                              
                                                  
l.118 \textbf
             {Regular K-means}
Your command was ignored.
Type  I <command> <return>  to replace it with another command,
or  <return>  to continue without it.

<./Results/KMeans/Cluster_Arrangement_3.png, id=35, 562.2606pt x 421.575pt>
File: ./Results/KMeans/Cluster_Arrangement_3.png Graphic file (type png)
<use ./Results/KMeans/Cluster_Arrangement_3.png>
Package pdftex.def Info: ./Results/KMeans/Cluster_Arrangement_3.png  used on in
put line 137.
(pdftex.def)             Requested size: 140.92793pt x 105.66365pt.
<./Results/KMeans/Cluster_Arrangement_4.png, id=36, 562.2606pt x 421.575pt>
File: ./Results/KMeans/Cluster_Arrangement_4.png Graphic file (type png)
<use ./Results/KMeans/Cluster_Arrangement_4.png>
Package pdftex.def Info: ./Results/KMeans/Cluster_Arrangement_4.png  used on in
put line 142.
(pdftex.def)             Requested size: 140.92793pt x 105.66365pt.
<./Results/KMeans/Cluster_Arrangement_5.png, id=37, 562.2606pt x 421.575pt>
File: ./Results/KMeans/Cluster_Arrangement_5.png Graphic file (type png)
<use ./Results/KMeans/Cluster_Arrangement_5.png>
Package pdftex.def Info: ./Results/KMeans/Cluster_Arrangement_5.png  used on in
put line 147.
(pdftex.def)             Requested size: 140.92793pt x 105.66365pt.
<./Results/KMeans/Cluster_Arrangement_6.png, id=38, 562.2606pt x 421.575pt>
File: ./Results/KMeans/Cluster_Arrangement_6.png Graphic file (type png)
<use ./Results/KMeans/Cluster_Arrangement_6.png>
Package pdftex.def Info: ./Results/KMeans/Cluster_Arrangement_6.png  used on in
put line 153.
(pdftex.def)             Requested size: 140.92793pt x 105.66365pt.
<./Results/KMeans/Cluster_Arrangement_7.png, id=39, 562.2606pt x 421.575pt>
File: ./Results/KMeans/Cluster_Arrangement_7.png Graphic file (type png)
<use ./Results/KMeans/Cluster_Arrangement_7.png>
Package pdftex.def Info: ./Results/KMeans/Cluster_Arrangement_7.png  used on in
put line 158.
(pdftex.def)             Requested size: 140.92793pt x 105.66365pt.
<./Results/KMeans/Cluster_Arrangement_8.png, id=40, 562.2606pt x 421.575pt>
File: ./Results/KMeans/Cluster_Arrangement_8.png Graphic file (type png)
<use ./Results/KMeans/Cluster_Arrangement_8.png>
Package pdftex.def Info: ./Results/KMeans/Cluster_Arrangement_8.png  used on in
put line 163.
(pdftex.def)             Requested size: 140.92793pt x 105.66365pt.
<./Results/KMeans/Cluster_Arrangement_9.png, id=41, 562.2606pt x 421.575pt>
File: ./Results/KMeans/Cluster_Arrangement_9.png Graphic file (type png)
<use ./Results/KMeans/Cluster_Arrangement_9.png>
Package pdftex.def Info: ./Results/KMeans/Cluster_Arrangement_9.png  used on in
put line 169.
(pdftex.def)             Requested size: 140.92793pt x 105.66365pt.
<./Results/KMeans/Cluster_Arrangement_10.png, id=42, 562.2606pt x 421.575pt>
File: ./Results/KMeans/Cluster_Arrangement_10.png Graphic file (type png)
<use ./Results/KMeans/Cluster_Arrangement_10.png>
Package pdftex.def Info: ./Results/KMeans/Cluster_Arrangement_10.png  used on i
nput line 174.
(pdftex.def)             Requested size: 140.92793pt x 105.66365pt.
<./Results/KMeans/SSE_Convergence.png, id=43, 562.2606pt x 421.575pt>
File: ./Results/KMeans/SSE_Convergence.png Graphic file (type png)
<use ./Results/KMeans/SSE_Convergence.png>
Package pdftex.def Info: ./Results/KMeans/SSE_Convergence.png  used on input li
ne 183.
(pdftex.def)             Requested size: 281.85587pt x 211.33376pt.
<./Results/KMeans/Cluster_Arrangement_S3.png, id=44, 562.2606pt x 421.575pt>
File: ./Results/KMeans/Cluster_Arrangement_S3.png Graphic file (type png)
<use ./Results/KMeans/Cluster_Arrangement_S3.png>
Package pdftex.def Info: ./Results/KMeans/Cluster_Arrangement_S3.png  used on i
nput line 207.
(pdftex.def)             Requested size: 140.92793pt x 105.66365pt.
<./Results/KMeans/Cluster_Arrangement_S4.png, id=45, 562.2606pt x 421.575pt>
File: ./Results/KMeans/Cluster_Arrangement_S4.png Graphic file (type png)
<use ./Results/KMeans/Cluster_Arrangement_S4.png>
Package pdftex.def Info: ./Results/KMeans/Cluster_Arrangement_S4.png  used on i
nput line 212.
(pdftex.def)             Requested size: 140.92793pt x 105.66365pt.
<./Results/KMeans/Cluster_Arrangement_S5.png, id=46, 562.2606pt x 421.575pt>
File: ./Results/KMeans/Cluster_Arrangement_S5.png Graphic file (type png)
<use ./Results/KMeans/Cluster_Arrangement_S5.png>
Package pdftex.def Info: ./Results/KMeans/Cluster_Arrangement_S5.png  used on i
nput line 217.
(pdftex.def)             Requested size: 140.92793pt x 105.66365pt.
<./Results/KMeans/Cluster_Arrangement_S6.png, id=47, 562.2606pt x 421.575pt>
File: ./Results/KMeans/Cluster_Arrangement_S6.png Graphic file (type png)
<use ./Results/KMeans/Cluster_Arrangement_S6.png>
Package pdftex.def Info: ./Results/KMeans/Cluster_Arrangement_S6.png  used on i
nput line 223.
(pdftex.def)             Requested size: 140.92793pt x 105.66365pt.
<./Results/KMeans/Cluster_Arrangement_S7.png, id=48, 562.2606pt x 421.575pt>
File: ./Results/KMeans/Cluster_Arrangement_S7.png Graphic file (type png)
<use ./Results/KMeans/Cluster_Arrangement_S7.png>
Package pdftex.def Info: ./Results/KMeans/Cluster_Arrangement_S7.png  used on i
nput line 228.
(pdftex.def)             Requested size: 140.92793pt x 105.66365pt.
<./Results/KMeans/Cluster_Arrangement_S8.png, id=49, 562.2606pt x 421.575pt>
File: ./Results/KMeans/Cluster_Arrangement_S8.png Graphic file (type png)
<use ./Results/KMeans/Cluster_Arrangement_S8.png>
Package pdftex.def Info: ./Results/KMeans/Cluster_Arrangement_S8.png  used on i
nput line 233.
(pdftex.def)             Requested size: 140.92793pt x 105.66365pt.
<./Results/KMeans/Cluster_Arrangement_S9.png, id=50, 562.2606pt x 421.575pt>
File: ./Results/KMeans/Cluster_Arrangement_S9.png Graphic file (type png)
<use ./Results/KMeans/Cluster_Arrangement_S9.png>
Package pdftex.def Info: ./Results/KMeans/Cluster_Arrangement_S9.png  used on i
nput line 239.
(pdftex.def)             Requested size: 140.92793pt x 105.66365pt.
<./Results/KMeans/Cluster_Arrangement_S10.png, id=51, 562.2606pt x 421.575pt>
File: ./Results/KMeans/Cluster_Arrangement_S10.png Graphic file (type png)
<use ./Results/KMeans/Cluster_Arrangement_S10.png>
Package pdftex.def Info: ./Results/KMeans/Cluster_Arrangement_S10.png  used on 
input line 244.
(pdftex.def)             Requested size: 140.92793pt x 105.66365pt.
<./Results/KMeans/SSE_Convergence_S.png, id=52, 562.2606pt x 421.575pt>
File: ./Results/KMeans/SSE_Convergence_S.png Graphic file (type png)
<use ./Results/KMeans/SSE_Convergence_S.png>
Package pdftex.def Info: ./Results/KMeans/SSE_Convergence_S.png  used on input 
line 253.
(pdftex.def)             Requested size: 281.85587pt x 211.33376pt.
[2] [3 <./Results/KMeans/Cluster_Arrangement_3.png (PNG copy)> <./Results/KMean
s/Cluster_Arrangement_4.png (PNG copy)> <./Results/KMeans/Cluster_Arrangement_5
.png (PNG copy)> <./Results/KMeans/Cluster_Arrangement_6.png (PNG copy)> <./Res
ults/KMeans/Cluster_Arrangement_7.png (PNG copy)> <./Results/KMeans/Cluster_Arr
angement_8.png (PNG copy)> <./Results/KMeans/Cluster_Arrangement_9.png (PNG cop
y)> <./Results/KMeans/Cluster_Arrangement_10.png (PNG copy)> <./Results/KMeans/
SSE_Convergence.png (PNG copy)>] [4 <./Results/KMeans/Cluster_Arrangement_S3.pn
g (PNG copy)> <./Results/KMeans/Cluster_Arrangement_S4.png (PNG copy)> <./Resul
ts/KMeans/Cluster_Arrangement_S5.png (PNG copy)> <./Results/KMeans/Cluster_Arra
ngement_S6.png (PNG copy)> <./Results/KMeans/Cluster_Arrangement_S7.png (PNG co
py)> <./Results/KMeans/Cluster_Arrangement_S8.png (PNG copy)> <./Results/KMeans
/Cluster_Arrangement_S9.png (PNG copy)> <./Results/KMeans/Cluster_Arrangement_S
10.png (PNG copy)> <./Results/KMeans/SSE_Convergence_S.png (PNG copy)>]
<./Results/PCA/plotintial.png, id=71, 562.2606pt x 421.575pt>
File: ./Results/PCA/plotintial.png Graphic file (type png)
<use ./Results/PCA/plotintial.png>
Package pdftex.def Info: ./Results/PCA/plotintial.png  used on input line 286.
(pdftex.def)             Requested size: 234.8775pt x 176.10825pt.

[5

 <./Results/PCA/plotintial.png (PNG copy)>]
<./Results/PCA/plot_118.png, id=79, 562.2606pt x 421.575pt>
File: ./Results/PCA/plot_118.png Graphic file (type png)
<use ./Results/PCA/plot_118.png>
Package pdftex.def Info: ./Results/PCA/plot_118.png  used on input line 303.
(pdftex.def)             Requested size: 375.80544pt x 281.77191pt.
 [6 <./Results/PCA/plot_118.png (PNG copy)>] (./CSE847-Homework5.aux)

LaTeX Warning: There were multiply-defined labels.

Package rerunfilecheck Info: File `CSE847-Homework5.out' has not changed.
(rerunfilecheck)             Checksum: FDCEDD87072993D9DAAF6827D0D1F84F;338.
 ) 
Here is how much of TeX's memory you used:
 12309 strings out of 478994
 186620 string characters out of 5858184
 488575 words of memory out of 5000000
 29600 multiletter control sequences out of 15000+600000
 410105 words of font info for 52 fonts, out of 8000000 for 9000
 1141 hyphenation exceptions out of 8191
 71i,8n,77p,679b,489s stack positions out of 5000i,500n,10000p,200000b,80000s
{/usr/local/texlive/2021/texmf-dist/fonts/enc/dvips/cm-super/cm-super-ts1.enc
}</usr/local/texlive/2021/texmf-dist/fonts/type1/public/amsfonts/cm/cmbx10.pfb>
</usr/local/texlive/2021/texmf-dist/fonts/type1/public/amsfonts/cm/cmbx12.pfb><
/usr/local/texlive/2021/texmf-dist/fonts/type1/public/amsfonts/cm/cmex10.pfb></
usr/local/texlive/2021/texmf-dist/fonts/type1/public/amsfonts/cm/cmmi10.pfb></u
sr/local/texlive/2021/texmf-dist/fonts/type1/public/amsfonts/cm/cmmi6.pfb></usr
/local/texlive/2021/texmf-dist/fonts/type1/public/amsfonts/cm/cmmi8.pfb></usr/l
ocal/texlive/2021/texmf-dist/fonts/type1/public/amsfonts/cm/cmr10.pfb></usr/loc
al/texlive/2021/texmf-dist/fonts/type1/public/amsfonts/cm/cmr8.pfb></usr/local/
texlive/2021/texmf-dist/fonts/type1/public/amsfonts/cm/cmsy10.pfb></usr/local/t
exlive/2021/texmf-dist/fonts/type1/public/amsfonts/cm/cmsy8.pfb></usr/local/tex
live/2021/texmf-dist/fonts/type1/public/amsfonts/cm/cmtt10.pfb></usr/local/texl
ive/2021/texmf-dist/fonts/type1/public/amsfonts/symbols/msbm10.pfb></usr/local/
texlive/2021/texmf-dist/fonts/type1/public/cm-super/sfrm1095.pfb>
Output written on CSE847-Homework5.pdf (6 pages, 634072 bytes).
PDF statistics:
 135 PDF objects out of 1000 (max. 8388607)
 93 compressed objects within 1 object stream
 22 named destinations out of 1000 (max. 500000)
 117 words of extra memory for PDF output out of 10000 (max. 10000000)

